25-Mar-2024 19:15:03.121 INFO [main] org.apache.catalina.startup.VersionLoggerListener.log 서버 버전 이름:    Apache Tomcat/9.0.87
25-Mar-2024 19:15:03.123 INFO [main] org.apache.catalina.startup.VersionLoggerListener.log Server 빌드 시각:  Mar 11 2024 10:12:34 UTC
25-Mar-2024 19:15:03.123 INFO [main] org.apache.catalina.startup.VersionLoggerListener.log Server 버전 번호:  9.0.87.0
25-Mar-2024 19:15:03.123 INFO [main] org.apache.catalina.startup.VersionLoggerListener.log 운영체제 이름:     Mac OS X
25-Mar-2024 19:15:03.123 INFO [main] org.apache.catalina.startup.VersionLoggerListener.log 운영체제 버전:     14.2.1
25-Mar-2024 19:15:03.124 INFO [main] org.apache.catalina.startup.VersionLoggerListener.log 아키텍처:          aarch64
25-Mar-2024 19:15:03.124 INFO [main] org.apache.catalina.startup.VersionLoggerListener.log 자바 홈:           /Library/Java/JavaVirtualMachines/jdk-17.jdk/Contents/Home
25-Mar-2024 19:15:03.124 INFO [main] org.apache.catalina.startup.VersionLoggerListener.log JVM 버전:          17.0.9+11-LTS-201
25-Mar-2024 19:15:03.124 INFO [main] org.apache.catalina.startup.VersionLoggerListener.log JVM 벤더:          Oracle Corporation
25-Mar-2024 19:15:03.124 INFO [main] org.apache.catalina.startup.VersionLoggerListener.log CATALINA_BASE:     /Users/js/Desktop/workspace/cicd/apache-tomcat-9.0.87
25-Mar-2024 19:15:03.124 INFO [main] org.apache.catalina.startup.VersionLoggerListener.log CATALINA_HOME:     /Users/js/Desktop/workspace/cicd/apache-tomcat-9.0.87
25-Mar-2024 19:15:03.131 INFO [main] org.apache.catalina.startup.VersionLoggerListener.log 명령 행 아규먼트:  --add-opens=java.base/java.lang=ALL-UNNAMED
25-Mar-2024 19:15:03.131 INFO [main] org.apache.catalina.startup.VersionLoggerListener.log 명령 행 아규먼트:  --add-opens=java.base/java.io=ALL-UNNAMED
25-Mar-2024 19:15:03.131 INFO [main] org.apache.catalina.startup.VersionLoggerListener.log 명령 행 아규먼트:  --add-opens=java.base/java.util=ALL-UNNAMED
25-Mar-2024 19:15:03.131 INFO [main] org.apache.catalina.startup.VersionLoggerListener.log 명령 행 아규먼트:  --add-opens=java.base/java.util.concurrent=ALL-UNNAMED
25-Mar-2024 19:15:03.131 INFO [main] org.apache.catalina.startup.VersionLoggerListener.log 명령 행 아규먼트:  --add-opens=java.rmi/sun.rmi.transport=ALL-UNNAMED
25-Mar-2024 19:15:03.131 INFO [main] org.apache.catalina.startup.VersionLoggerListener.log 명령 행 아규먼트:  -Djava.util.logging.config.file=/Users/js/Desktop/workspace/cicd/apache-tomcat-9.0.87/conf/logging.properties
25-Mar-2024 19:15:03.131 INFO [main] org.apache.catalina.startup.VersionLoggerListener.log 명령 행 아규먼트:  -Djava.util.logging.manager=org.apache.juli.ClassLoaderLogManager
25-Mar-2024 19:15:03.131 INFO [main] org.apache.catalina.startup.VersionLoggerListener.log 명령 행 아규먼트:  -Djdk.tls.ephemeralDHKeySize=2048
25-Mar-2024 19:15:03.131 INFO [main] org.apache.catalina.startup.VersionLoggerListener.log 명령 행 아규먼트:  -Djava.protocol.handler.pkgs=org.apache.catalina.webresources
25-Mar-2024 19:15:03.131 INFO [main] org.apache.catalina.startup.VersionLoggerListener.log 명령 행 아규먼트:  -Dorg.apache.catalina.security.SecurityListener.UMASK=0027
25-Mar-2024 19:15:03.131 INFO [main] org.apache.catalina.startup.VersionLoggerListener.log 명령 행 아규먼트:  -Dignore.endorsed.dirs=
25-Mar-2024 19:15:03.131 INFO [main] org.apache.catalina.startup.VersionLoggerListener.log 명령 행 아규먼트:  -Dcatalina.base=/Users/js/Desktop/workspace/cicd/apache-tomcat-9.0.87
25-Mar-2024 19:15:03.131 INFO [main] org.apache.catalina.startup.VersionLoggerListener.log 명령 행 아규먼트:  -Dcatalina.home=/Users/js/Desktop/workspace/cicd/apache-tomcat-9.0.87
25-Mar-2024 19:15:03.132 INFO [main] org.apache.catalina.startup.VersionLoggerListener.log 명령 행 아규먼트:  -Djava.io.tmpdir=/Users/js/Desktop/workspace/cicd/apache-tomcat-9.0.87/temp
25-Mar-2024 19:15:03.135 INFO [main] org.apache.catalina.core.AprLifecycleListener.lifecycleEvent 프로덕션 환경들에서 최적의 성능을 제공하는, APR 기반 Apache Tomcat Native 라이브러리가, 다음 java.library.path에서 발견되지 않습니다: [/Users/js/Library/Java/Extensions:/Library/Java/Extensions:/Network/Library/Java/Extensions:/System/Library/Java/Extensions:/usr/lib/java:.]
25-Mar-2024 19:15:03.249 INFO [main] org.apache.coyote.AbstractProtocol.init 프로토콜 핸들러 ["http-nio-8080"]을(를) 초기화합니다.
25-Mar-2024 19:15:03.265 INFO [main] org.apache.catalina.startup.Catalina.load [227] 밀리초 내에 서버가 초기화되었습니다.
25-Mar-2024 19:15:03.284 INFO [main] org.apache.catalina.core.StandardService.startInternal 서비스 [Catalina]을(를) 시작합니다.
25-Mar-2024 19:15:03.284 INFO [main] org.apache.catalina.core.StandardEngine.startInternal 서버 엔진을 시작합니다: [Apache Tomcat/9.0.87]
25-Mar-2024 19:15:03.287 INFO [main] org.apache.catalina.startup.HostConfig.deployDirectory 웹 애플리케이션 디렉토리 [/Users/js/Desktop/workspace/cicd/apache-tomcat-9.0.87/webapps/docs]을(를) 배치합니다.
25-Mar-2024 19:15:03.403 INFO [main] org.apache.catalina.startup.HostConfig.deployDirectory 웹 애플리케이션 디렉토리 [/Users/js/Desktop/workspace/cicd/apache-tomcat-9.0.87/webapps/docs]에 대한 배치가 [114] 밀리초에 완료되었습니다.
25-Mar-2024 19:15:03.403 INFO [main] org.apache.catalina.startup.HostConfig.deployDirectory 웹 애플리케이션 디렉토리 [/Users/js/Desktop/workspace/cicd/apache-tomcat-9.0.87/webapps/manager]을(를) 배치합니다.
25-Mar-2024 19:15:03.416 INFO [main] org.apache.catalina.startup.HostConfig.deployDirectory 웹 애플리케이션 디렉토리 [/Users/js/Desktop/workspace/cicd/apache-tomcat-9.0.87/webapps/manager]에 대한 배치가 [13] 밀리초에 완료되었습니다.
25-Mar-2024 19:15:03.416 INFO [main] org.apache.catalina.startup.HostConfig.deployDirectory 웹 애플리케이션 디렉토리 [/Users/js/Desktop/workspace/cicd/apache-tomcat-9.0.87/webapps/examples]을(를) 배치합니다.
25-Mar-2024 19:15:03.506 INFO [main] org.apache.catalina.startup.HostConfig.deployDirectory 웹 애플리케이션 디렉토리 [/Users/js/Desktop/workspace/cicd/apache-tomcat-9.0.87/webapps/examples]에 대한 배치가 [90] 밀리초에 완료되었습니다.
25-Mar-2024 19:15:03.506 INFO [main] org.apache.catalina.startup.HostConfig.deployDirectory 웹 애플리케이션 디렉토리 [/Users/js/Desktop/workspace/cicd/apache-tomcat-9.0.87/webapps/ROOT]을(를) 배치합니다.
25-Mar-2024 19:15:03.514 INFO [main] org.apache.catalina.startup.HostConfig.deployDirectory 웹 애플리케이션 디렉토리 [/Users/js/Desktop/workspace/cicd/apache-tomcat-9.0.87/webapps/ROOT]에 대한 배치가 [8] 밀리초에 완료되었습니다.
25-Mar-2024 19:15:03.514 INFO [main] org.apache.catalina.startup.HostConfig.deployDirectory 웹 애플리케이션 디렉토리 [/Users/js/Desktop/workspace/cicd/apache-tomcat-9.0.87/webapps/host-manager]을(를) 배치합니다.
25-Mar-2024 19:15:03.522 INFO [main] org.apache.catalina.startup.HostConfig.deployDirectory 웹 애플리케이션 디렉토리 [/Users/js/Desktop/workspace/cicd/apache-tomcat-9.0.87/webapps/host-manager]에 대한 배치가 [7] 밀리초에 완료되었습니다.
25-Mar-2024 19:15:03.523 INFO [main] org.apache.coyote.AbstractProtocol.start 프로토콜 핸들러 ["http-nio-8080"]을(를) 시작합니다.
25-Mar-2024 19:15:03.529 INFO [main] org.apache.catalina.startup.Catalina.start 서버가 [263] 밀리초 내에 시작되었습니다.
25-Mar-2024 19:16:03.605 INFO [main] org.apache.catalina.core.StandardServer.await 셧다운 포트를 통해 유효한 셧다운 명령을 받았습니다. 서버 인스턴스를 중지시킵니다.
25-Mar-2024 19:16:03.605 INFO [main] org.apache.coyote.AbstractProtocol.pause 프로토콜 핸들러 ["http-nio-8080"]을(를) 일시 정지 중
25-Mar-2024 19:16:03.606 INFO [main] org.apache.catalina.core.StandardService.stopInternal 서비스 [Catalina]을(를) 중지시킵니다.
25-Mar-2024 19:16:03.615 INFO [main] org.apache.coyote.AbstractProtocol.stop 프로토콜 핸들러 ["http-nio-8080"]을(를) 중지시킵니다.
25-Mar-2024 19:16:03.618 INFO [main] org.apache.coyote.AbstractProtocol.destroy 프로토콜 핸들러 ["http-nio-8080"]을(를) 소멸시킵니다.
25-Mar-2024 22:16:34.556 INFO [main] org.apache.catalina.startup.VersionLoggerListener.log 서버 버전 이름:    Apache Tomcat/9.0.87
25-Mar-2024 22:16:34.557 INFO [main] org.apache.catalina.startup.VersionLoggerListener.log Server 빌드 시각:  Mar 11 2024 10:12:34 UTC
25-Mar-2024 22:16:34.557 INFO [main] org.apache.catalina.startup.VersionLoggerListener.log Server 버전 번호:  9.0.87.0
25-Mar-2024 22:16:34.557 INFO [main] org.apache.catalina.startup.VersionLoggerListener.log 운영체제 이름:     Mac OS X
25-Mar-2024 22:16:34.558 INFO [main] org.apache.catalina.startup.VersionLoggerListener.log 운영체제 버전:     14.2.1
25-Mar-2024 22:16:34.558 INFO [main] org.apache.catalina.startup.VersionLoggerListener.log 아키텍처:          aarch64
25-Mar-2024 22:16:34.558 INFO [main] org.apache.catalina.startup.VersionLoggerListener.log 자바 홈:           /Library/Java/JavaVirtualMachines/jdk-11.jdk/Contents/Home
25-Mar-2024 22:16:34.558 INFO [main] org.apache.catalina.startup.VersionLoggerListener.log JVM 버전:          11.0.20+9-LTS-256
25-Mar-2024 22:16:34.558 INFO [main] org.apache.catalina.startup.VersionLoggerListener.log JVM 벤더:          Oracle Corporation
25-Mar-2024 22:16:34.558 INFO [main] org.apache.catalina.startup.VersionLoggerListener.log CATALINA_BASE:     /Users/js/Desktop/workspace/cicd/apache-tomcat-9.0.87
25-Mar-2024 22:16:34.558 INFO [main] org.apache.catalina.startup.VersionLoggerListener.log CATALINA_HOME:     /Users/js/Desktop/workspace/cicd/apache-tomcat-9.0.87
25-Mar-2024 22:16:34.600 INFO [main] org.apache.catalina.startup.VersionLoggerListener.log 명령 행 아규먼트:  --add-opens=java.base/java.lang=ALL-UNNAMED
25-Mar-2024 22:16:34.601 INFO [main] org.apache.catalina.startup.VersionLoggerListener.log 명령 행 아규먼트:  --add-opens=java.base/java.io=ALL-UNNAMED
25-Mar-2024 22:16:34.601 INFO [main] org.apache.catalina.startup.VersionLoggerListener.log 명령 행 아규먼트:  --add-opens=java.base/java.util=ALL-UNNAMED
25-Mar-2024 22:16:34.601 INFO [main] org.apache.catalina.startup.VersionLoggerListener.log 명령 행 아규먼트:  --add-opens=java.base/java.util.concurrent=ALL-UNNAMED
25-Mar-2024 22:16:34.601 INFO [main] org.apache.catalina.startup.VersionLoggerListener.log 명령 행 아규먼트:  --add-opens=java.rmi/sun.rmi.transport=ALL-UNNAMED
25-Mar-2024 22:16:34.601 INFO [main] org.apache.catalina.startup.VersionLoggerListener.log 명령 행 아규먼트:  -Djava.util.logging.config.file=/Users/js/Desktop/workspace/cicd/apache-tomcat-9.0.87/conf/logging.properties
25-Mar-2024 22:16:34.601 INFO [main] org.apache.catalina.startup.VersionLoggerListener.log 명령 행 아규먼트:  -Djava.util.logging.manager=org.apache.juli.ClassLoaderLogManager
25-Mar-2024 22:16:34.601 INFO [main] org.apache.catalina.startup.VersionLoggerListener.log 명령 행 아규먼트:  -Djdk.tls.ephemeralDHKeySize=2048
25-Mar-2024 22:16:34.601 INFO [main] org.apache.catalina.startup.VersionLoggerListener.log 명령 행 아규먼트:  -Djava.protocol.handler.pkgs=org.apache.catalina.webresources
25-Mar-2024 22:16:34.601 INFO [main] org.apache.catalina.startup.VersionLoggerListener.log 명령 행 아규먼트:  -Dorg.apache.catalina.security.SecurityListener.UMASK=0027
25-Mar-2024 22:16:34.601 INFO [main] org.apache.catalina.startup.VersionLoggerListener.log 명령 행 아규먼트:  -Dignore.endorsed.dirs=
25-Mar-2024 22:16:34.601 INFO [main] org.apache.catalina.startup.VersionLoggerListener.log 명령 행 아규먼트:  -Dcatalina.base=/Users/js/Desktop/workspace/cicd/apache-tomcat-9.0.87
25-Mar-2024 22:16:34.601 INFO [main] org.apache.catalina.startup.VersionLoggerListener.log 명령 행 아규먼트:  -Dcatalina.home=/Users/js/Desktop/workspace/cicd/apache-tomcat-9.0.87
25-Mar-2024 22:16:34.601 INFO [main] org.apache.catalina.startup.VersionLoggerListener.log 명령 행 아규먼트:  -Djava.io.tmpdir=/Users/js/Desktop/workspace/cicd/apache-tomcat-9.0.87/temp
25-Mar-2024 22:16:34.605 INFO [main] org.apache.catalina.core.AprLifecycleListener.lifecycleEvent 프로덕션 환경들에서 최적의 성능을 제공하는, APR 기반 Apache Tomcat Native 라이브러리가, 다음 java.library.path에서 발견되지 않습니다: [/Users/js/Library/Java/Extensions:/Library/Java/Extensions:/Network/Library/Java/Extensions:/System/Library/Java/Extensions:/usr/lib/java:.]
25-Mar-2024 22:16:34.736 INFO [main] org.apache.coyote.AbstractProtocol.init 프로토콜 핸들러 ["http-nio-8088"]을(를) 초기화합니다.
25-Mar-2024 22:16:34.769 INFO [main] org.apache.catalina.startup.Catalina.load [308] 밀리초 내에 서버가 초기화되었습니다.
25-Mar-2024 22:16:34.793 INFO [main] org.apache.catalina.core.StandardService.startInternal 서비스 [Catalina]을(를) 시작합니다.
25-Mar-2024 22:16:34.793 INFO [main] org.apache.catalina.core.StandardEngine.startInternal 서버 엔진을 시작합니다: [Apache Tomcat/9.0.87]
25-Mar-2024 22:16:34.796 INFO [main] org.apache.catalina.startup.HostConfig.deployDirectory 웹 애플리케이션 디렉토리 [/Users/js/Desktop/workspace/cicd/apache-tomcat-9.0.87/webapps/docs]을(를) 배치합니다.
25-Mar-2024 22:16:34.948 INFO [main] org.apache.catalina.startup.HostConfig.deployDirectory 웹 애플리케이션 디렉토리 [/Users/js/Desktop/workspace/cicd/apache-tomcat-9.0.87/webapps/docs]에 대한 배치가 [151] 밀리초에 완료되었습니다.
25-Mar-2024 22:16:34.949 INFO [main] org.apache.catalina.startup.HostConfig.deployDirectory 웹 애플리케이션 디렉토리 [/Users/js/Desktop/workspace/cicd/apache-tomcat-9.0.87/webapps/manager]을(를) 배치합니다.
25-Mar-2024 22:16:34.961 INFO [main] org.apache.catalina.startup.HostConfig.deployDirectory 웹 애플리케이션 디렉토리 [/Users/js/Desktop/workspace/cicd/apache-tomcat-9.0.87/webapps/manager]에 대한 배치가 [12] 밀리초에 완료되었습니다.
25-Mar-2024 22:16:34.961 INFO [main] org.apache.catalina.startup.HostConfig.deployDirectory 웹 애플리케이션 디렉토리 [/Users/js/Desktop/workspace/cicd/apache-tomcat-9.0.87/webapps/examples]을(를) 배치합니다.
25-Mar-2024 22:16:35.050 INFO [main] org.apache.catalina.startup.HostConfig.deployDirectory 웹 애플리케이션 디렉토리 [/Users/js/Desktop/workspace/cicd/apache-tomcat-9.0.87/webapps/examples]에 대한 배치가 [89] 밀리초에 완료되었습니다.
25-Mar-2024 22:16:35.050 INFO [main] org.apache.catalina.startup.HostConfig.deployDirectory 웹 애플리케이션 디렉토리 [/Users/js/Desktop/workspace/cicd/apache-tomcat-9.0.87/webapps/ROOT]을(를) 배치합니다.
25-Mar-2024 22:16:35.056 INFO [main] org.apache.catalina.startup.HostConfig.deployDirectory 웹 애플리케이션 디렉토리 [/Users/js/Desktop/workspace/cicd/apache-tomcat-9.0.87/webapps/ROOT]에 대한 배치가 [6] 밀리초에 완료되었습니다.
25-Mar-2024 22:16:35.056 INFO [main] org.apache.catalina.startup.HostConfig.deployDirectory 웹 애플리케이션 디렉토리 [/Users/js/Desktop/workspace/cicd/apache-tomcat-9.0.87/webapps/host-manager]을(를) 배치합니다.
25-Mar-2024 22:16:35.062 INFO [main] org.apache.catalina.startup.HostConfig.deployDirectory 웹 애플리케이션 디렉토리 [/Users/js/Desktop/workspace/cicd/apache-tomcat-9.0.87/webapps/host-manager]에 대한 배치가 [6] 밀리초에 완료되었습니다.
25-Mar-2024 22:16:35.065 INFO [main] org.apache.coyote.AbstractProtocol.start 프로토콜 핸들러 ["http-nio-8088"]을(를) 시작합니다.
25-Mar-2024 22:16:35.070 INFO [main] org.apache.catalina.startup.Catalina.start 서버가 [301] 밀리초 내에 시작되었습니다.
25-Mar-2024 22:17:51.766 INFO [main] org.apache.catalina.core.StandardServer.await 셧다운 포트를 통해 유효한 셧다운 명령을 받았습니다. 서버 인스턴스를 중지시킵니다.
25-Mar-2024 22:17:51.766 INFO [main] org.apache.coyote.AbstractProtocol.pause 프로토콜 핸들러 ["http-nio-8088"]을(를) 일시 정지 중
25-Mar-2024 22:17:51.768 INFO [main] org.apache.catalina.core.StandardService.stopInternal 서비스 [Catalina]을(를) 중지시킵니다.
25-Mar-2024 22:17:51.783 INFO [main] org.apache.coyote.AbstractProtocol.stop 프로토콜 핸들러 ["http-nio-8088"]을(를) 중지시킵니다.
25-Mar-2024 22:17:51.793 INFO [main] org.apache.coyote.AbstractProtocol.destroy 프로토콜 핸들러 ["http-nio-8088"]을(를) 소멸시킵니다.
