15-May-2024 12:49:34.840 INFO [main] org.apache.catalina.startup.VersionLoggerListener.log 서버 버전 이름:    Apache Tomcat/9.0.87
15-May-2024 12:49:34.842 INFO [main] org.apache.catalina.startup.VersionLoggerListener.log Server 빌드 시각:  Mar 11 2024 10:12:34 UTC
15-May-2024 12:49:34.842 INFO [main] org.apache.catalina.startup.VersionLoggerListener.log Server 버전 번호:  9.0.87.0
15-May-2024 12:49:34.842 INFO [main] org.apache.catalina.startup.VersionLoggerListener.log 운영체제 이름:     Mac OS X
15-May-2024 12:49:34.842 INFO [main] org.apache.catalina.startup.VersionLoggerListener.log 운영체제 버전:     14.4.1
15-May-2024 12:49:34.842 INFO [main] org.apache.catalina.startup.VersionLoggerListener.log 아키텍처:          aarch64
15-May-2024 12:49:34.842 INFO [main] org.apache.catalina.startup.VersionLoggerListener.log 자바 홈:           /Library/Java/JavaVirtualMachines/jdk-17.jdk/Contents/Home
15-May-2024 12:49:34.842 INFO [main] org.apache.catalina.startup.VersionLoggerListener.log JVM 버전:          17.0.9+11-LTS-201
15-May-2024 12:49:34.842 INFO [main] org.apache.catalina.startup.VersionLoggerListener.log JVM 벤더:          Oracle Corporation
15-May-2024 12:49:34.842 INFO [main] org.apache.catalina.startup.VersionLoggerListener.log CATALINA_BASE:     /Users/js/Desktop/workspace/cicd/apache-tomcat-9.0.87
15-May-2024 12:49:34.842 INFO [main] org.apache.catalina.startup.VersionLoggerListener.log CATALINA_HOME:     /Users/js/Desktop/workspace/cicd/apache-tomcat-9.0.87
15-May-2024 12:49:34.879 INFO [main] org.apache.catalina.startup.VersionLoggerListener.log 명령 행 아규먼트:  --add-opens=java.base/java.lang=ALL-UNNAMED
15-May-2024 12:49:34.879 INFO [main] org.apache.catalina.startup.VersionLoggerListener.log 명령 행 아규먼트:  --add-opens=java.base/java.io=ALL-UNNAMED
15-May-2024 12:49:34.879 INFO [main] org.apache.catalina.startup.VersionLoggerListener.log 명령 행 아규먼트:  --add-opens=java.base/java.util=ALL-UNNAMED
15-May-2024 12:49:34.879 INFO [main] org.apache.catalina.startup.VersionLoggerListener.log 명령 행 아규먼트:  --add-opens=java.base/java.util.concurrent=ALL-UNNAMED
15-May-2024 12:49:34.880 INFO [main] org.apache.catalina.startup.VersionLoggerListener.log 명령 행 아규먼트:  --add-opens=java.rmi/sun.rmi.transport=ALL-UNNAMED
15-May-2024 12:49:34.880 INFO [main] org.apache.catalina.startup.VersionLoggerListener.log 명령 행 아규먼트:  -Djava.util.logging.config.file=/Users/js/Desktop/workspace/cicd/apache-tomcat-9.0.87/conf/logging.properties
15-May-2024 12:49:34.880 INFO [main] org.apache.catalina.startup.VersionLoggerListener.log 명령 행 아규먼트:  -Djava.util.logging.manager=org.apache.juli.ClassLoaderLogManager
15-May-2024 12:49:34.880 INFO [main] org.apache.catalina.startup.VersionLoggerListener.log 명령 행 아규먼트:  -Djdk.tls.ephemeralDHKeySize=2048
15-May-2024 12:49:34.880 INFO [main] org.apache.catalina.startup.VersionLoggerListener.log 명령 행 아규먼트:  -Djava.protocol.handler.pkgs=org.apache.catalina.webresources
15-May-2024 12:49:34.880 INFO [main] org.apache.catalina.startup.VersionLoggerListener.log 명령 행 아규먼트:  -Dorg.apache.catalina.security.SecurityListener.UMASK=0027
15-May-2024 12:49:34.880 INFO [main] org.apache.catalina.startup.VersionLoggerListener.log 명령 행 아규먼트:  -Dignore.endorsed.dirs=
15-May-2024 12:49:34.880 INFO [main] org.apache.catalina.startup.VersionLoggerListener.log 명령 행 아규먼트:  -Dcatalina.base=/Users/js/Desktop/workspace/cicd/apache-tomcat-9.0.87
15-May-2024 12:49:34.880 INFO [main] org.apache.catalina.startup.VersionLoggerListener.log 명령 행 아규먼트:  -Dcatalina.home=/Users/js/Desktop/workspace/cicd/apache-tomcat-9.0.87
15-May-2024 12:49:34.880 INFO [main] org.apache.catalina.startup.VersionLoggerListener.log 명령 행 아규먼트:  -Djava.io.tmpdir=/Users/js/Desktop/workspace/cicd/apache-tomcat-9.0.87/temp
15-May-2024 12:49:34.883 INFO [main] org.apache.catalina.core.AprLifecycleListener.lifecycleEvent 프로덕션 환경들에서 최적의 성능을 제공하는, APR 기반 Apache Tomcat Native 라이브러리가, 다음 java.library.path에서 발견되지 않습니다: [/Users/js/Library/Java/Extensions:/Library/Java/Extensions:/Network/Library/Java/Extensions:/System/Library/Java/Extensions:/usr/lib/java:.]
15-May-2024 12:49:34.997 INFO [main] org.apache.coyote.AbstractProtocol.init 프로토콜 핸들러 ["http-nio-8088"]을(를) 초기화합니다.
15-May-2024 12:49:35.025 INFO [main] org.apache.catalina.startup.Catalina.load [276] 밀리초 내에 서버가 초기화되었습니다.
15-May-2024 12:49:35.044 INFO [main] org.apache.catalina.core.StandardService.startInternal 서비스 [Catalina]을(를) 시작합니다.
15-May-2024 12:49:35.044 INFO [main] org.apache.catalina.core.StandardEngine.startInternal 서버 엔진을 시작합니다: [Apache Tomcat/9.0.87]
15-May-2024 12:49:35.049 INFO [main] org.apache.catalina.startup.HostConfig.deployWAR 웹 애플리케이션 아카이브 [/Users/js/Desktop/workspace/cicd/apache-tomcat-9.0.87/webapps/hello-world.war]을(를) 배치합니다.
15-May-2024 12:49:35.553 INFO [main] org.apache.jasper.servlet.TldScanner.scanJars 적어도 하나의 JAR가 TLD들을 찾기 위해 스캔되었으나 아무 것도 찾지 못했습니다. 스캔했으나 TLD가 없는 JAR들의 전체 목록을 보시려면, 로그 레벨을 디버그 레벨로 설정하십시오. 스캔 과정에서 불필요한 JAR들을 건너뛰면, 시스템 시작 시간과 JSP 컴파일 시간을 단축시킬 수 있습니다.
15-May-2024 12:49:35.963 INFO [main] org.apache.catalina.startup.HostConfig.deployWAR 웹 애플리케이션 아카이브 [/Users/js/Desktop/workspace/cicd/apache-tomcat-9.0.87/webapps/hello-world.war]의 배치가 [914] 밀리초에 완료되었습니다.
15-May-2024 12:49:35.963 INFO [main] org.apache.catalina.startup.HostConfig.deployDirectory 웹 애플리케이션 디렉토리 [/Users/js/Desktop/workspace/cicd/apache-tomcat-9.0.87/webapps/docs]을(를) 배치합니다.
15-May-2024 12:49:35.972 INFO [main] org.apache.catalina.startup.HostConfig.deployDirectory 웹 애플리케이션 디렉토리 [/Users/js/Desktop/workspace/cicd/apache-tomcat-9.0.87/webapps/docs]에 대한 배치가 [8] 밀리초에 완료되었습니다.
15-May-2024 12:49:35.972 INFO [main] org.apache.catalina.startup.HostConfig.deployDirectory 웹 애플리케이션 디렉토리 [/Users/js/Desktop/workspace/cicd/apache-tomcat-9.0.87/webapps/manager]을(를) 배치합니다.
15-May-2024 12:49:35.982 INFO [main] org.apache.catalina.startup.HostConfig.deployDirectory 웹 애플리케이션 디렉토리 [/Users/js/Desktop/workspace/cicd/apache-tomcat-9.0.87/webapps/manager]에 대한 배치가 [10] 밀리초에 완료되었습니다.
15-May-2024 12:49:35.982 INFO [main] org.apache.catalina.startup.HostConfig.deployDirectory 웹 애플리케이션 디렉토리 [/Users/js/Desktop/workspace/cicd/apache-tomcat-9.0.87/webapps/examples]을(를) 배치합니다.
15-May-2024 12:49:36.045 INFO [main] org.apache.catalina.startup.HostConfig.deployDirectory 웹 애플리케이션 디렉토리 [/Users/js/Desktop/workspace/cicd/apache-tomcat-9.0.87/webapps/examples]에 대한 배치가 [63] 밀리초에 완료되었습니다.
15-May-2024 12:49:36.045 INFO [main] org.apache.catalina.startup.HostConfig.deployDirectory 웹 애플리케이션 디렉토리 [/Users/js/Desktop/workspace/cicd/apache-tomcat-9.0.87/webapps/ROOT]을(를) 배치합니다.
15-May-2024 12:49:36.050 INFO [main] org.apache.catalina.startup.HostConfig.deployDirectory 웹 애플리케이션 디렉토리 [/Users/js/Desktop/workspace/cicd/apache-tomcat-9.0.87/webapps/ROOT]에 대한 배치가 [5] 밀리초에 완료되었습니다.
15-May-2024 12:49:36.050 INFO [main] org.apache.catalina.startup.HostConfig.deployDirectory 웹 애플리케이션 디렉토리 [/Users/js/Desktop/workspace/cicd/apache-tomcat-9.0.87/webapps/host-manager]을(를) 배치합니다.
15-May-2024 12:49:36.057 INFO [main] org.apache.catalina.startup.HostConfig.deployDirectory 웹 애플리케이션 디렉토리 [/Users/js/Desktop/workspace/cicd/apache-tomcat-9.0.87/webapps/host-manager]에 대한 배치가 [7] 밀리초에 완료되었습니다.
15-May-2024 12:49:36.058 INFO [main] org.apache.coyote.AbstractProtocol.start 프로토콜 핸들러 ["http-nio-8088"]을(를) 시작합니다.
15-May-2024 12:49:36.063 INFO [main] org.apache.catalina.startup.Catalina.start 서버가 [1037] 밀리초 내에 시작되었습니다.
15-May-2024 13:21:04.543 INFO [main] org.apache.catalina.core.StandardServer.await 셧다운 포트를 통해 유효한 셧다운 명령을 받았습니다. 서버 인스턴스를 중지시킵니다.
15-May-2024 13:21:04.543 INFO [main] org.apache.coyote.AbstractProtocol.pause 프로토콜 핸들러 ["http-nio-8088"]을(를) 일시 정지 중
15-May-2024 13:21:04.545 INFO [main] org.apache.catalina.core.StandardService.stopInternal 서비스 [Catalina]을(를) 중지시킵니다.
15-May-2024 13:21:04.568 INFO [main] org.apache.coyote.AbstractProtocol.stop 프로토콜 핸들러 ["http-nio-8088"]을(를) 중지시킵니다.
15-May-2024 13:21:04.570 INFO [main] org.apache.coyote.AbstractProtocol.destroy 프로토콜 핸들러 ["http-nio-8088"]을(를) 소멸시킵니다.
15-May-2024 13:23:07.003 INFO [main] org.apache.catalina.startup.VersionLoggerListener.log 서버 버전 이름:    Apache Tomcat/9.0.87
15-May-2024 13:23:07.005 INFO [main] org.apache.catalina.startup.VersionLoggerListener.log Server 빌드 시각:  Mar 11 2024 10:12:34 UTC
15-May-2024 13:23:07.005 INFO [main] org.apache.catalina.startup.VersionLoggerListener.log Server 버전 번호:  9.0.87.0
15-May-2024 13:23:07.005 INFO [main] org.apache.catalina.startup.VersionLoggerListener.log 운영체제 이름:     Mac OS X
15-May-2024 13:23:07.005 INFO [main] org.apache.catalina.startup.VersionLoggerListener.log 운영체제 버전:     14.4.1
15-May-2024 13:23:07.005 INFO [main] org.apache.catalina.startup.VersionLoggerListener.log 아키텍처:          aarch64
15-May-2024 13:23:07.005 INFO [main] org.apache.catalina.startup.VersionLoggerListener.log 자바 홈:           /Library/Java/JavaVirtualMachines/jdk-17.jdk/Contents/Home
15-May-2024 13:23:07.005 INFO [main] org.apache.catalina.startup.VersionLoggerListener.log JVM 버전:          17.0.9+11-LTS-201
15-May-2024 13:23:07.005 INFO [main] org.apache.catalina.startup.VersionLoggerListener.log JVM 벤더:          Oracle Corporation
15-May-2024 13:23:07.005 INFO [main] org.apache.catalina.startup.VersionLoggerListener.log CATALINA_BASE:     /Users/js/Desktop/workspace/cicd/apache-tomcat-9.0.87
15-May-2024 13:23:07.005 INFO [main] org.apache.catalina.startup.VersionLoggerListener.log CATALINA_HOME:     /Users/js/Desktop/workspace/cicd/apache-tomcat-9.0.87
15-May-2024 13:23:07.008 INFO [main] org.apache.catalina.startup.VersionLoggerListener.log 명령 행 아규먼트:  --add-opens=java.base/java.lang=ALL-UNNAMED
15-May-2024 13:23:07.008 INFO [main] org.apache.catalina.startup.VersionLoggerListener.log 명령 행 아규먼트:  --add-opens=java.base/java.io=ALL-UNNAMED
15-May-2024 13:23:07.009 INFO [main] org.apache.catalina.startup.VersionLoggerListener.log 명령 행 아규먼트:  --add-opens=java.base/java.util=ALL-UNNAMED
15-May-2024 13:23:07.009 INFO [main] org.apache.catalina.startup.VersionLoggerListener.log 명령 행 아규먼트:  --add-opens=java.base/java.util.concurrent=ALL-UNNAMED
15-May-2024 13:23:07.009 INFO [main] org.apache.catalina.startup.VersionLoggerListener.log 명령 행 아규먼트:  --add-opens=java.rmi/sun.rmi.transport=ALL-UNNAMED
15-May-2024 13:23:07.009 INFO [main] org.apache.catalina.startup.VersionLoggerListener.log 명령 행 아규먼트:  -Djava.util.logging.config.file=/Users/js/Desktop/workspace/cicd/apache-tomcat-9.0.87/conf/logging.properties
15-May-2024 13:23:07.009 INFO [main] org.apache.catalina.startup.VersionLoggerListener.log 명령 행 아규먼트:  -Djava.util.logging.manager=org.apache.juli.ClassLoaderLogManager
15-May-2024 13:23:07.009 INFO [main] org.apache.catalina.startup.VersionLoggerListener.log 명령 행 아규먼트:  -Djdk.tls.ephemeralDHKeySize=2048
15-May-2024 13:23:07.009 INFO [main] org.apache.catalina.startup.VersionLoggerListener.log 명령 행 아규먼트:  -Djava.protocol.handler.pkgs=org.apache.catalina.webresources
15-May-2024 13:23:07.009 INFO [main] org.apache.catalina.startup.VersionLoggerListener.log 명령 행 아규먼트:  -Dorg.apache.catalina.security.SecurityListener.UMASK=0027
15-May-2024 13:23:07.009 INFO [main] org.apache.catalina.startup.VersionLoggerListener.log 명령 행 아규먼트:  -Dignore.endorsed.dirs=
15-May-2024 13:23:07.009 INFO [main] org.apache.catalina.startup.VersionLoggerListener.log 명령 행 아규먼트:  -Dcatalina.base=/Users/js/Desktop/workspace/cicd/apache-tomcat-9.0.87
15-May-2024 13:23:07.009 INFO [main] org.apache.catalina.startup.VersionLoggerListener.log 명령 행 아규먼트:  -Dcatalina.home=/Users/js/Desktop/workspace/cicd/apache-tomcat-9.0.87
15-May-2024 13:23:07.009 INFO [main] org.apache.catalina.startup.VersionLoggerListener.log 명령 행 아규먼트:  -Djava.io.tmpdir=/Users/js/Desktop/workspace/cicd/apache-tomcat-9.0.87/temp
15-May-2024 13:23:07.012 INFO [main] org.apache.catalina.core.AprLifecycleListener.lifecycleEvent 프로덕션 환경들에서 최적의 성능을 제공하는, APR 기반 Apache Tomcat Native 라이브러리가, 다음 java.library.path에서 발견되지 않습니다: [/Users/js/Library/Java/Extensions:/Library/Java/Extensions:/Network/Library/Java/Extensions:/System/Library/Java/Extensions:/usr/lib/java:.]
15-May-2024 13:23:07.113 INFO [main] org.apache.coyote.AbstractProtocol.init 프로토콜 핸들러 ["http-nio-8088"]을(를) 초기화합니다.
15-May-2024 13:23:07.125 INFO [main] org.apache.catalina.startup.Catalina.load [193] 밀리초 내에 서버가 초기화되었습니다.
15-May-2024 13:23:07.138 INFO [main] org.apache.catalina.core.StandardService.startInternal 서비스 [Catalina]을(를) 시작합니다.
15-May-2024 13:23:07.138 INFO [main] org.apache.catalina.core.StandardEngine.startInternal 서버 엔진을 시작합니다: [Apache Tomcat/9.0.87]
15-May-2024 13:23:07.143 INFO [main] org.apache.catalina.startup.HostConfig.deployWAR 웹 애플리케이션 아카이브 [/Users/js/Desktop/workspace/cicd/apache-tomcat-9.0.87/webapps/ROOT.war]을(를) 배치합니다.
15-May-2024 13:23:07.243 INFO [main] org.apache.jasper.servlet.TldScanner.scanJars 적어도 하나의 JAR가 TLD들을 찾기 위해 스캔되었으나 아무 것도 찾지 못했습니다. 스캔했으나 TLD가 없는 JAR들의 전체 목록을 보시려면, 로그 레벨을 디버그 레벨로 설정하십시오. 스캔 과정에서 불필요한 JAR들을 건너뛰면, 시스템 시작 시간과 JSP 컴파일 시간을 단축시킬 수 있습니다.
15-May-2024 13:23:07.257 INFO [main] org.apache.catalina.startup.HostConfig.deployWAR 웹 애플리케이션 아카이브 [/Users/js/Desktop/workspace/cicd/apache-tomcat-9.0.87/webapps/ROOT.war]의 배치가 [113] 밀리초에 완료되었습니다.
15-May-2024 13:23:07.257 INFO [main] org.apache.catalina.startup.HostConfig.deployWAR 웹 애플리케이션 아카이브 [/Users/js/Desktop/workspace/cicd/apache-tomcat-9.0.87/webapps/hello-world.war]을(를) 배치합니다.
15-May-2024 13:23:07.645 INFO [main] org.apache.jasper.servlet.TldScanner.scanJars 적어도 하나의 JAR가 TLD들을 찾기 위해 스캔되었으나 아무 것도 찾지 못했습니다. 스캔했으나 TLD가 없는 JAR들의 전체 목록을 보시려면, 로그 레벨을 디버그 레벨로 설정하십시오. 스캔 과정에서 불필요한 JAR들을 건너뛰면, 시스템 시작 시간과 JSP 컴파일 시간을 단축시킬 수 있습니다.
15-May-2024 13:23:08.017 INFO [main] org.apache.catalina.startup.HostConfig.deployWAR 웹 애플리케이션 아카이브 [/Users/js/Desktop/workspace/cicd/apache-tomcat-9.0.87/webapps/hello-world.war]의 배치가 [760] 밀리초에 완료되었습니다.
15-May-2024 13:23:08.019 INFO [main] org.apache.coyote.AbstractProtocol.start 프로토콜 핸들러 ["http-nio-8088"]을(를) 시작합니다.
15-May-2024 13:23:08.023 INFO [main] org.apache.catalina.startup.Catalina.start 서버가 [898] 밀리초 내에 시작되었습니다.
15-May-2024 13:29:49.235 INFO [main] org.apache.catalina.core.StandardServer.await 셧다운 포트를 통해 유효한 셧다운 명령을 받았습니다. 서버 인스턴스를 중지시킵니다.
15-May-2024 13:29:49.235 INFO [main] org.apache.coyote.AbstractProtocol.pause 프로토콜 핸들러 ["http-nio-8088"]을(를) 일시 정지 중
15-May-2024 13:29:49.237 INFO [main] org.apache.catalina.core.StandardService.stopInternal 서비스 [Catalina]을(를) 중지시킵니다.
15-May-2024 13:29:49.250 INFO [main] org.apache.coyote.AbstractProtocol.stop 프로토콜 핸들러 ["http-nio-8088"]을(를) 중지시킵니다.
15-May-2024 13:29:49.262 INFO [main] org.apache.coyote.AbstractProtocol.destroy 프로토콜 핸들러 ["http-nio-8088"]을(를) 소멸시킵니다.
15-May-2024 13:29:56.982 INFO [main] org.apache.catalina.startup.VersionLoggerListener.log 서버 버전 이름:    Apache Tomcat/9.0.87
15-May-2024 13:29:56.984 INFO [main] org.apache.catalina.startup.VersionLoggerListener.log Server 빌드 시각:  Mar 11 2024 10:12:34 UTC
15-May-2024 13:29:56.984 INFO [main] org.apache.catalina.startup.VersionLoggerListener.log Server 버전 번호:  9.0.87.0
15-May-2024 13:29:56.984 INFO [main] org.apache.catalina.startup.VersionLoggerListener.log 운영체제 이름:     Mac OS X
15-May-2024 13:29:56.984 INFO [main] org.apache.catalina.startup.VersionLoggerListener.log 운영체제 버전:     14.4.1
15-May-2024 13:29:56.984 INFO [main] org.apache.catalina.startup.VersionLoggerListener.log 아키텍처:          aarch64
15-May-2024 13:29:56.984 INFO [main] org.apache.catalina.startup.VersionLoggerListener.log 자바 홈:           /Library/Java/JavaVirtualMachines/jdk-17.jdk/Contents/Home
15-May-2024 13:29:56.984 INFO [main] org.apache.catalina.startup.VersionLoggerListener.log JVM 버전:          17.0.9+11-LTS-201
15-May-2024 13:29:56.984 INFO [main] org.apache.catalina.startup.VersionLoggerListener.log JVM 벤더:          Oracle Corporation
15-May-2024 13:29:56.984 INFO [main] org.apache.catalina.startup.VersionLoggerListener.log CATALINA_BASE:     /Users/js/Desktop/workspace/cicd/apache-tomcat-9.0.87
15-May-2024 13:29:56.984 INFO [main] org.apache.catalina.startup.VersionLoggerListener.log CATALINA_HOME:     /Users/js/Desktop/workspace/cicd/apache-tomcat-9.0.87
15-May-2024 13:29:56.988 INFO [main] org.apache.catalina.startup.VersionLoggerListener.log 명령 행 아규먼트:  --add-opens=java.base/java.lang=ALL-UNNAMED
15-May-2024 13:29:56.988 INFO [main] org.apache.catalina.startup.VersionLoggerListener.log 명령 행 아규먼트:  --add-opens=java.base/java.io=ALL-UNNAMED
15-May-2024 13:29:56.988 INFO [main] org.apache.catalina.startup.VersionLoggerListener.log 명령 행 아규먼트:  --add-opens=java.base/java.util=ALL-UNNAMED
15-May-2024 13:29:56.988 INFO [main] org.apache.catalina.startup.VersionLoggerListener.log 명령 행 아규먼트:  --add-opens=java.base/java.util.concurrent=ALL-UNNAMED
15-May-2024 13:29:56.988 INFO [main] org.apache.catalina.startup.VersionLoggerListener.log 명령 행 아규먼트:  --add-opens=java.rmi/sun.rmi.transport=ALL-UNNAMED
15-May-2024 13:29:56.988 INFO [main] org.apache.catalina.startup.VersionLoggerListener.log 명령 행 아규먼트:  -Djava.util.logging.config.file=/Users/js/Desktop/workspace/cicd/apache-tomcat-9.0.87/conf/logging.properties
15-May-2024 13:29:56.988 INFO [main] org.apache.catalina.startup.VersionLoggerListener.log 명령 행 아규먼트:  -Djava.util.logging.manager=org.apache.juli.ClassLoaderLogManager
15-May-2024 13:29:56.988 INFO [main] org.apache.catalina.startup.VersionLoggerListener.log 명령 행 아규먼트:  -Djdk.tls.ephemeralDHKeySize=2048
15-May-2024 13:29:56.988 INFO [main] org.apache.catalina.startup.VersionLoggerListener.log 명령 행 아규먼트:  -Djava.protocol.handler.pkgs=org.apache.catalina.webresources
15-May-2024 13:29:56.988 INFO [main] org.apache.catalina.startup.VersionLoggerListener.log 명령 행 아규먼트:  -Dorg.apache.catalina.security.SecurityListener.UMASK=0027
15-May-2024 13:29:56.988 INFO [main] org.apache.catalina.startup.VersionLoggerListener.log 명령 행 아규먼트:  -Dignore.endorsed.dirs=
15-May-2024 13:29:56.988 INFO [main] org.apache.catalina.startup.VersionLoggerListener.log 명령 행 아규먼트:  -Dcatalina.base=/Users/js/Desktop/workspace/cicd/apache-tomcat-9.0.87
15-May-2024 13:29:56.988 INFO [main] org.apache.catalina.startup.VersionLoggerListener.log 명령 행 아규먼트:  -Dcatalina.home=/Users/js/Desktop/workspace/cicd/apache-tomcat-9.0.87
15-May-2024 13:29:56.989 INFO [main] org.apache.catalina.startup.VersionLoggerListener.log 명령 행 아규먼트:  -Djava.io.tmpdir=/Users/js/Desktop/workspace/cicd/apache-tomcat-9.0.87/temp
15-May-2024 13:29:56.992 INFO [main] org.apache.catalina.core.AprLifecycleListener.lifecycleEvent 프로덕션 환경들에서 최적의 성능을 제공하는, APR 기반 Apache Tomcat Native 라이브러리가, 다음 java.library.path에서 발견되지 않습니다: [/Users/js/Library/Java/Extensions:/Library/Java/Extensions:/Network/Library/Java/Extensions:/System/Library/Java/Extensions:/usr/lib/java:.]
15-May-2024 13:29:57.096 INFO [main] org.apache.coyote.AbstractProtocol.init 프로토콜 핸들러 ["http-nio-8080"]을(를) 초기화합니다.
15-May-2024 13:29:57.108 INFO [main] org.apache.catalina.startup.Catalina.load [197] 밀리초 내에 서버가 초기화되었습니다.
15-May-2024 13:29:57.123 INFO [main] org.apache.catalina.core.StandardService.startInternal 서비스 [Catalina]을(를) 시작합니다.
15-May-2024 13:29:57.123 INFO [main] org.apache.catalina.core.StandardEngine.startInternal 서버 엔진을 시작합니다: [Apache Tomcat/9.0.87]
15-May-2024 13:29:57.128 INFO [main] org.apache.catalina.startup.HostConfig.deployWAR 웹 애플리케이션 아카이브 [/Users/js/Desktop/workspace/cicd/apache-tomcat-9.0.87/webapps/ROOT.war]을(를) 배치합니다.
15-May-2024 13:29:57.223 INFO [main] org.apache.jasper.servlet.TldScanner.scanJars 적어도 하나의 JAR가 TLD들을 찾기 위해 스캔되었으나 아무 것도 찾지 못했습니다. 스캔했으나 TLD가 없는 JAR들의 전체 목록을 보시려면, 로그 레벨을 디버그 레벨로 설정하십시오. 스캔 과정에서 불필요한 JAR들을 건너뛰면, 시스템 시작 시간과 JSP 컴파일 시간을 단축시킬 수 있습니다.
15-May-2024 13:29:57.237 INFO [main] org.apache.catalina.startup.HostConfig.deployWAR 웹 애플리케이션 아카이브 [/Users/js/Desktop/workspace/cicd/apache-tomcat-9.0.87/webapps/ROOT.war]의 배치가 [108] 밀리초에 완료되었습니다.
15-May-2024 13:29:57.237 INFO [main] org.apache.catalina.startup.HostConfig.deployWAR 웹 애플리케이션 아카이브 [/Users/js/Desktop/workspace/cicd/apache-tomcat-9.0.87/webapps/hello-world.war]을(를) 배치합니다.
15-May-2024 13:29:57.608 INFO [main] org.apache.jasper.servlet.TldScanner.scanJars 적어도 하나의 JAR가 TLD들을 찾기 위해 스캔되었으나 아무 것도 찾지 못했습니다. 스캔했으나 TLD가 없는 JAR들의 전체 목록을 보시려면, 로그 레벨을 디버그 레벨로 설정하십시오. 스캔 과정에서 불필요한 JAR들을 건너뛰면, 시스템 시작 시간과 JSP 컴파일 시간을 단축시킬 수 있습니다.
15-May-2024 13:29:57.979 INFO [main] org.apache.catalina.startup.HostConfig.deployWAR 웹 애플리케이션 아카이브 [/Users/js/Desktop/workspace/cicd/apache-tomcat-9.0.87/webapps/hello-world.war]의 배치가 [742] 밀리초에 완료되었습니다.
15-May-2024 13:29:57.981 INFO [main] org.apache.coyote.AbstractProtocol.start 프로토콜 핸들러 ["http-nio-8080"]을(를) 시작합니다.
15-May-2024 13:29:57.985 INFO [main] org.apache.catalina.startup.Catalina.start 서버가 [876] 밀리초 내에 시작되었습니다.
15-May-2024 13:32:58.093 INFO [Catalina-utility-1] org.apache.catalina.startup.HostConfig.deployWAR 웹 애플리케이션 아카이브 [/Users/js/Desktop/workspace/cicd/apache-tomcat-9.0.87/webapps/server-0.0.1-SNAPSHOT.war]을(를) 배치합니다.
15-May-2024 13:32:58.134 INFO [Catalina-utility-1] org.apache.jasper.servlet.TldScanner.scanJars 적어도 하나의 JAR가 TLD들을 찾기 위해 스캔되었으나 아무 것도 찾지 못했습니다. 스캔했으나 TLD가 없는 JAR들의 전체 목록을 보시려면, 로그 레벨을 디버그 레벨로 설정하십시오. 스캔 과정에서 불필요한 JAR들을 건너뛰면, 시스템 시작 시간과 JSP 컴파일 시간을 단축시킬 수 있습니다.
15-May-2024 13:32:58.136 INFO [Catalina-utility-1] org.apache.catalina.startup.HostConfig.deployWAR 웹 애플리케이션 아카이브 [/Users/js/Desktop/workspace/cicd/apache-tomcat-9.0.87/webapps/server-0.0.1-SNAPSHOT.war]의 배치가 [44] 밀리초에 완료되었습니다.
15-May-2024 13:33:08.141 INFO [Catalina-utility-1] org.apache.catalina.startup.HostConfig.undeploy 컨텍스트 []의 배치를 제거합니다.
15-May-2024 13:33:08.160 INFO [Catalina-utility-1] org.apache.catalina.startup.HostConfig.undeploy 컨텍스트 [/server-0.0.1-SNAPSHOT]의 배치를 제거합니다.
15-May-2024 13:33:08.168 INFO [Catalina-utility-1] org.apache.catalina.startup.HostConfig.deployWAR 웹 애플리케이션 아카이브 [/Users/js/Desktop/workspace/cicd/apache-tomcat-9.0.87/webapps/ROOT.war]을(를) 배치합니다.
15-May-2024 13:33:08.196 INFO [Catalina-utility-1] org.apache.jasper.servlet.TldScanner.scanJars 적어도 하나의 JAR가 TLD들을 찾기 위해 스캔되었으나 아무 것도 찾지 못했습니다. 스캔했으나 TLD가 없는 JAR들의 전체 목록을 보시려면, 로그 레벨을 디버그 레벨로 설정하십시오. 스캔 과정에서 불필요한 JAR들을 건너뛰면, 시스템 시작 시간과 JSP 컴파일 시간을 단축시킬 수 있습니다.
15-May-2024 13:33:08.198 INFO [Catalina-utility-1] org.apache.catalina.startup.HostConfig.deployWAR 웹 애플리케이션 아카이브 [/Users/js/Desktop/workspace/cicd/apache-tomcat-9.0.87/webapps/ROOT.war]의 배치가 [31] 밀리초에 완료되었습니다.
15-May-2024 13:33:27.978 INFO [main] org.apache.catalina.core.StandardServer.await 셧다운 포트를 통해 유효한 셧다운 명령을 받았습니다. 서버 인스턴스를 중지시킵니다.
15-May-2024 13:33:27.979 INFO [main] org.apache.coyote.AbstractProtocol.pause 프로토콜 핸들러 ["http-nio-8080"]을(를) 일시 정지 중
15-May-2024 13:33:27.986 INFO [main] org.apache.catalina.core.StandardService.stopInternal 서비스 [Catalina]을(를) 중지시킵니다.
15-May-2024 13:33:28.005 INFO [main] org.apache.coyote.AbstractProtocol.stop 프로토콜 핸들러 ["http-nio-8080"]을(를) 중지시킵니다.
15-May-2024 13:33:28.011 INFO [main] org.apache.coyote.AbstractProtocol.destroy 프로토콜 핸들러 ["http-nio-8080"]을(를) 소멸시킵니다.
15-May-2024 13:33:33.031 INFO [main] org.apache.catalina.startup.VersionLoggerListener.log 서버 버전 이름:    Apache Tomcat/9.0.87
15-May-2024 13:33:33.032 INFO [main] org.apache.catalina.startup.VersionLoggerListener.log Server 빌드 시각:  Mar 11 2024 10:12:34 UTC
15-May-2024 13:33:33.032 INFO [main] org.apache.catalina.startup.VersionLoggerListener.log Server 버전 번호:  9.0.87.0
15-May-2024 13:33:33.032 INFO [main] org.apache.catalina.startup.VersionLoggerListener.log 운영체제 이름:     Mac OS X
15-May-2024 13:33:33.032 INFO [main] org.apache.catalina.startup.VersionLoggerListener.log 운영체제 버전:     14.4.1
15-May-2024 13:33:33.032 INFO [main] org.apache.catalina.startup.VersionLoggerListener.log 아키텍처:          aarch64
15-May-2024 13:33:33.032 INFO [main] org.apache.catalina.startup.VersionLoggerListener.log 자바 홈:           /Library/Java/JavaVirtualMachines/jdk-17.jdk/Contents/Home
15-May-2024 13:33:33.032 INFO [main] org.apache.catalina.startup.VersionLoggerListener.log JVM 버전:          17.0.9+11-LTS-201
15-May-2024 13:33:33.032 INFO [main] org.apache.catalina.startup.VersionLoggerListener.log JVM 벤더:          Oracle Corporation
15-May-2024 13:33:33.032 INFO [main] org.apache.catalina.startup.VersionLoggerListener.log CATALINA_BASE:     /Users/js/Desktop/workspace/cicd/apache-tomcat-9.0.87
15-May-2024 13:33:33.033 INFO [main] org.apache.catalina.startup.VersionLoggerListener.log CATALINA_HOME:     /Users/js/Desktop/workspace/cicd/apache-tomcat-9.0.87
15-May-2024 13:33:33.036 INFO [main] org.apache.catalina.startup.VersionLoggerListener.log 명령 행 아규먼트:  --add-opens=java.base/java.lang=ALL-UNNAMED
15-May-2024 13:33:33.036 INFO [main] org.apache.catalina.startup.VersionLoggerListener.log 명령 행 아규먼트:  --add-opens=java.base/java.io=ALL-UNNAMED
15-May-2024 13:33:33.036 INFO [main] org.apache.catalina.startup.VersionLoggerListener.log 명령 행 아규먼트:  --add-opens=java.base/java.util=ALL-UNNAMED
15-May-2024 13:33:33.036 INFO [main] org.apache.catalina.startup.VersionLoggerListener.log 명령 행 아규먼트:  --add-opens=java.base/java.util.concurrent=ALL-UNNAMED
15-May-2024 13:33:33.036 INFO [main] org.apache.catalina.startup.VersionLoggerListener.log 명령 행 아규먼트:  --add-opens=java.rmi/sun.rmi.transport=ALL-UNNAMED
15-May-2024 13:33:33.037 INFO [main] org.apache.catalina.startup.VersionLoggerListener.log 명령 행 아규먼트:  -Djava.util.logging.config.file=/Users/js/Desktop/workspace/cicd/apache-tomcat-9.0.87/conf/logging.properties
15-May-2024 13:33:33.037 INFO [main] org.apache.catalina.startup.VersionLoggerListener.log 명령 행 아규먼트:  -Djava.util.logging.manager=org.apache.juli.ClassLoaderLogManager
15-May-2024 13:33:33.037 INFO [main] org.apache.catalina.startup.VersionLoggerListener.log 명령 행 아규먼트:  -Djdk.tls.ephemeralDHKeySize=2048
15-May-2024 13:33:33.037 INFO [main] org.apache.catalina.startup.VersionLoggerListener.log 명령 행 아규먼트:  -Djava.protocol.handler.pkgs=org.apache.catalina.webresources
15-May-2024 13:33:33.037 INFO [main] org.apache.catalina.startup.VersionLoggerListener.log 명령 행 아규먼트:  -Dorg.apache.catalina.security.SecurityListener.UMASK=0027
15-May-2024 13:33:33.037 INFO [main] org.apache.catalina.startup.VersionLoggerListener.log 명령 행 아규먼트:  -Dignore.endorsed.dirs=
15-May-2024 13:33:33.037 INFO [main] org.apache.catalina.startup.VersionLoggerListener.log 명령 행 아규먼트:  -Dcatalina.base=/Users/js/Desktop/workspace/cicd/apache-tomcat-9.0.87
15-May-2024 13:33:33.037 INFO [main] org.apache.catalina.startup.VersionLoggerListener.log 명령 행 아규먼트:  -Dcatalina.home=/Users/js/Desktop/workspace/cicd/apache-tomcat-9.0.87
15-May-2024 13:33:33.037 INFO [main] org.apache.catalina.startup.VersionLoggerListener.log 명령 행 아규먼트:  -Djava.io.tmpdir=/Users/js/Desktop/workspace/cicd/apache-tomcat-9.0.87/temp
15-May-2024 13:33:33.041 INFO [main] org.apache.catalina.core.AprLifecycleListener.lifecycleEvent 프로덕션 환경들에서 최적의 성능을 제공하는, APR 기반 Apache Tomcat Native 라이브러리가, 다음 java.library.path에서 발견되지 않습니다: [/Users/js/Library/Java/Extensions:/Library/Java/Extensions:/Network/Library/Java/Extensions:/System/Library/Java/Extensions:/usr/lib/java:.]
15-May-2024 13:33:33.149 INFO [main] org.apache.coyote.AbstractProtocol.init 프로토콜 핸들러 ["http-nio-8080"]을(를) 초기화합니다.
15-May-2024 13:33:33.162 INFO [main] org.apache.catalina.startup.Catalina.load [203] 밀리초 내에 서버가 초기화되었습니다.
15-May-2024 13:33:33.179 INFO [main] org.apache.catalina.core.StandardService.startInternal 서비스 [Catalina]을(를) 시작합니다.
15-May-2024 13:33:33.179 INFO [main] org.apache.catalina.core.StandardEngine.startInternal 서버 엔진을 시작합니다: [Apache Tomcat/9.0.87]
15-May-2024 13:33:33.185 INFO [main] org.apache.catalina.startup.HostConfig.deployWAR 웹 애플리케이션 아카이브 [/Users/js/Desktop/workspace/cicd/apache-tomcat-9.0.87/webapps/ROOT.war]을(를) 배치합니다.
15-May-2024 13:33:33.294 INFO [main] org.apache.jasper.servlet.TldScanner.scanJars 적어도 하나의 JAR가 TLD들을 찾기 위해 스캔되었으나 아무 것도 찾지 못했습니다. 스캔했으나 TLD가 없는 JAR들의 전체 목록을 보시려면, 로그 레벨을 디버그 레벨로 설정하십시오. 스캔 과정에서 불필요한 JAR들을 건너뛰면, 시스템 시작 시간과 JSP 컴파일 시간을 단축시킬 수 있습니다.
15-May-2024 13:33:33.308 INFO [main] org.apache.catalina.startup.HostConfig.deployWAR 웹 애플리케이션 아카이브 [/Users/js/Desktop/workspace/cicd/apache-tomcat-9.0.87/webapps/ROOT.war]의 배치가 [122] 밀리초에 완료되었습니다.
15-May-2024 13:33:33.308 INFO [main] org.apache.catalina.startup.HostConfig.deployWAR 웹 애플리케이션 아카이브 [/Users/js/Desktop/workspace/cicd/apache-tomcat-9.0.87/webapps/hello-world.war]을(를) 배치합니다.
15-May-2024 13:33:33.669 INFO [main] org.apache.jasper.servlet.TldScanner.scanJars 적어도 하나의 JAR가 TLD들을 찾기 위해 스캔되었으나 아무 것도 찾지 못했습니다. 스캔했으나 TLD가 없는 JAR들의 전체 목록을 보시려면, 로그 레벨을 디버그 레벨로 설정하십시오. 스캔 과정에서 불필요한 JAR들을 건너뛰면, 시스템 시작 시간과 JSP 컴파일 시간을 단축시킬 수 있습니다.
15-May-2024 13:33:34.065 INFO [main] org.apache.catalina.startup.HostConfig.deployWAR 웹 애플리케이션 아카이브 [/Users/js/Desktop/workspace/cicd/apache-tomcat-9.0.87/webapps/hello-world.war]의 배치가 [757] 밀리초에 완료되었습니다.
15-May-2024 13:33:34.067 INFO [main] org.apache.coyote.AbstractProtocol.start 프로토콜 핸들러 ["http-nio-8080"]을(를) 시작합니다.
15-May-2024 13:33:34.071 INFO [main] org.apache.catalina.startup.Catalina.start 서버가 [908] 밀리초 내에 시작되었습니다.
15-May-2024 13:37:13.963 INFO [main] org.apache.catalina.core.StandardServer.await 셧다운 포트를 통해 유효한 셧다운 명령을 받았습니다. 서버 인스턴스를 중지시킵니다.
15-May-2024 13:37:13.963 INFO [main] org.apache.coyote.AbstractProtocol.pause 프로토콜 핸들러 ["http-nio-8080"]을(를) 일시 정지 중
15-May-2024 13:37:13.965 INFO [main] org.apache.catalina.core.StandardService.stopInternal 서비스 [Catalina]을(를) 중지시킵니다.
15-May-2024 13:37:13.972 INFO [main] org.apache.coyote.AbstractProtocol.stop 프로토콜 핸들러 ["http-nio-8080"]을(를) 중지시킵니다.
15-May-2024 13:37:13.973 INFO [main] org.apache.coyote.AbstractProtocol.destroy 프로토콜 핸들러 ["http-nio-8080"]을(를) 소멸시킵니다.
