15-May-2024 13:38:25.180 INFO [main] org.apache.catalina.startup.VersionLoggerListener.log 서버 버전 이름:    Apache Tomcat/10.1.24
15-May-2024 13:38:25.182 INFO [main] org.apache.catalina.startup.VersionLoggerListener.log Server 빌드 시각:  May 9 2024 17:41:23 UTC
15-May-2024 13:38:25.182 INFO [main] org.apache.catalina.startup.VersionLoggerListener.log Server 버전 번호:  10.1.24.0
15-May-2024 13:38:25.182 INFO [main] org.apache.catalina.startup.VersionLoggerListener.log 운영체제 이름:     Mac OS X
15-May-2024 13:38:25.182 INFO [main] org.apache.catalina.startup.VersionLoggerListener.log 운영체제 버전:     14.4.1
15-May-2024 13:38:25.182 INFO [main] org.apache.catalina.startup.VersionLoggerListener.log 아키텍처:          aarch64
15-May-2024 13:38:25.182 INFO [main] org.apache.catalina.startup.VersionLoggerListener.log 자바 홈:           /Library/Java/JavaVirtualMachines/jdk-17.jdk/Contents/Home
15-May-2024 13:38:25.182 INFO [main] org.apache.catalina.startup.VersionLoggerListener.log JVM 버전:          17.0.9+11-LTS-201
15-May-2024 13:38:25.182 INFO [main] org.apache.catalina.startup.VersionLoggerListener.log JVM 벤더:          Oracle Corporation
15-May-2024 13:38:25.182 INFO [main] org.apache.catalina.startup.VersionLoggerListener.log CATALINA_BASE:     /Users/js/Desktop/workspace/cicd/apache-tomcat-10.1.24
15-May-2024 13:38:25.182 INFO [main] org.apache.catalina.startup.VersionLoggerListener.log CATALINA_HOME:     /Users/js/Desktop/workspace/cicd/apache-tomcat-10.1.24
15-May-2024 13:38:25.187 INFO [main] org.apache.catalina.startup.VersionLoggerListener.log 명령 행 아규먼트:  -Djava.util.logging.config.file=/Users/js/Desktop/workspace/cicd/apache-tomcat-10.1.24/conf/logging.properties
15-May-2024 13:38:25.187 INFO [main] org.apache.catalina.startup.VersionLoggerListener.log 명령 행 아규먼트:  -Djava.util.logging.manager=org.apache.juli.ClassLoaderLogManager
15-May-2024 13:38:25.187 INFO [main] org.apache.catalina.startup.VersionLoggerListener.log 명령 행 아규먼트:  -Djdk.tls.ephemeralDHKeySize=2048
15-May-2024 13:38:25.187 INFO [main] org.apache.catalina.startup.VersionLoggerListener.log 명령 행 아규먼트:  -Djava.protocol.handler.pkgs=org.apache.catalina.webresources
15-May-2024 13:38:25.187 INFO [main] org.apache.catalina.startup.VersionLoggerListener.log 명령 행 아규먼트:  -Dorg.apache.catalina.security.SecurityListener.UMASK=0027
15-May-2024 13:38:25.187 INFO [main] org.apache.catalina.startup.VersionLoggerListener.log 명령 행 아규먼트:  --add-opens=java.base/java.lang=ALL-UNNAMED
15-May-2024 13:38:25.187 INFO [main] org.apache.catalina.startup.VersionLoggerListener.log 명령 행 아규먼트:  --add-opens=java.base/java.io=ALL-UNNAMED
15-May-2024 13:38:25.187 INFO [main] org.apache.catalina.startup.VersionLoggerListener.log 명령 행 아규먼트:  --add-opens=java.base/java.util=ALL-UNNAMED
15-May-2024 13:38:25.187 INFO [main] org.apache.catalina.startup.VersionLoggerListener.log 명령 행 아규먼트:  --add-opens=java.base/java.util.concurrent=ALL-UNNAMED
15-May-2024 13:38:25.188 INFO [main] org.apache.catalina.startup.VersionLoggerListener.log 명령 행 아규먼트:  --add-opens=java.rmi/sun.rmi.transport=ALL-UNNAMED
15-May-2024 13:38:25.188 INFO [main] org.apache.catalina.startup.VersionLoggerListener.log 명령 행 아규먼트:  -Dcatalina.base=/Users/js/Desktop/workspace/cicd/apache-tomcat-10.1.24
15-May-2024 13:38:25.188 INFO [main] org.apache.catalina.startup.VersionLoggerListener.log 명령 행 아규먼트:  -Dcatalina.home=/Users/js/Desktop/workspace/cicd/apache-tomcat-10.1.24
15-May-2024 13:38:25.188 INFO [main] org.apache.catalina.startup.VersionLoggerListener.log 명령 행 아규먼트:  -Djava.io.tmpdir=/Users/js/Desktop/workspace/cicd/apache-tomcat-10.1.24/temp
15-May-2024 13:38:25.191 INFO [main] org.apache.catalina.core.AprLifecycleListener.lifecycleEvent 프로덕션 환경들에서 최적의 성능을 제공하는, APR 기반 Apache Tomcat Native 라이브러리가, 다음 java.library.path에서 발견되지 않습니다: [/Users/js/Library/Java/Extensions:/Library/Java/Extensions:/Network/Library/Java/Extensions:/System/Library/Java/Extensions:/usr/lib/java:.]
15-May-2024 13:38:25.287 INFO [main] org.apache.coyote.AbstractProtocol.init 프로토콜 핸들러 ["http-nio-8080"]을(를) 초기화합니다.
15-May-2024 13:38:25.300 INFO [main] org.apache.catalina.startup.Catalina.load [196] 밀리초 내에 서버가 초기화되었습니다.
15-May-2024 13:38:25.315 INFO [main] org.apache.catalina.core.StandardService.startInternal 서비스 [Catalina]을(를) 시작합니다.
15-May-2024 13:38:25.315 INFO [main] org.apache.catalina.core.StandardEngine.startInternal 서버 엔진을 시작합니다: [Apache Tomcat/10.1.24]
15-May-2024 13:38:25.324 INFO [main] org.apache.catalina.startup.HostConfig.deployWAR 웹 애플리케이션 아카이브 [/Users/js/Desktop/workspace/cicd/apache-tomcat-10.1.24/webapps/ROOT.war]을(를) 배치합니다.
15-May-2024 13:38:25.455 INFO [main] org.apache.jasper.servlet.TldScanner.scanJars 적어도 하나의 JAR가 TLD들을 찾기 위해 스캔되었으나 아무 것도 찾지 못했습니다. 스캔했으나 TLD가 없는 JAR들의 전체 목록을 보시려면, 로그 레벨을 디버그 레벨로 설정하십시오. 스캔 과정에서 불필요한 JAR들을 건너뛰면, 시스템 시작 시간과 JSP 컴파일 시간을 단축시킬 수 있습니다.
15-May-2024 13:38:25.473 INFO [main] org.apache.catalina.startup.HostConfig.deployWAR 웹 애플리케이션 아카이브 [/Users/js/Desktop/workspace/cicd/apache-tomcat-10.1.24/webapps/ROOT.war]의 배치가 [148] 밀리초에 완료되었습니다.
15-May-2024 13:38:25.475 INFO [main] org.apache.coyote.AbstractProtocol.start 프로토콜 핸들러 ["http-nio-8080"]을(를) 시작합니다.
15-May-2024 13:38:25.481 INFO [main] org.apache.catalina.startup.Catalina.start 서버가 [181] 밀리초 내에 시작되었습니다.
TestServlet.service
15-May-2024 13:44:56.356 INFO [main] org.apache.catalina.core.StandardServer.await 셧다운 포트를 통해 유효한 셧다운 명령을 받았습니다. 서버 인스턴스를 중지시킵니다.
15-May-2024 13:44:56.356 INFO [main] org.apache.coyote.AbstractProtocol.pause 프로토콜 핸들러 ["http-nio-8080"]을(를) 일시 정지 중
15-May-2024 13:44:56.358 INFO [main] org.apache.catalina.core.StandardService.stopInternal 서비스 [Catalina]을(를) 중지시킵니다.
15-May-2024 13:44:56.362 INFO [main] org.apache.coyote.AbstractProtocol.stop 프로토콜 핸들러 ["http-nio-8080"]을(를) 중지시킵니다.
15-May-2024 13:44:56.364 INFO [main] org.apache.coyote.AbstractProtocol.destroy 프로토콜 핸들러 ["http-nio-8080"]을(를) 소멸시킵니다.
